[25-Dec-2024 04:09:37 UTC] PHP Fatal error:  Uncaught UnexpectedValueException: RecursiveDirectoryIterator::__construct(D:\xampp\htdocs\25Dec/wp-content/plugins/akismet/akismet.php): The directory name is inval (code: 267) in D:\xampp\htdocs\25Dec\wp-content\themes\twentytwentyfive\functions.php:189
Stack trace:
#0 D:\xampp\htdocs\25Dec\wp-content\themes\twentytwentyfive\functions.php(189): RecursiveDirectoryIterator->__construct('D:\\xampp\\htdocs...')
#1 D:\xampp\htdocs\25Dec\wp-includes\class-wp-hook.php(324): {closure}('')
#2 D:\xampp\htdocs\25Dec\wp-includes\class-wp-hook.php(348): WP_Hook->apply_filters('', Array)
#3 D:\xampp\htdocs\25Dec\wp-includes\plugin.php(517): WP_Hook->do_action(Array)
#4 D:\xampp\htdocs\25Dec\wp-admin\admin-ajax.php(192): do_action('wp_ajax_downloa...')
#5 {main}
  thrown in D:\xampp\htdocs\25Dec\wp-content\themes\twentytwentyfive\functions.php on line 189
[25-Dec-2024 04:13:15 UTC] PHP Fatal error:  Uncaught UnexpectedValueException: RecursiveDirectoryIterator::__construct(D:\xampp\htdocs\25Dec/wp-content/plugins/hello.php): The directory name is inval (code: 267) in D:\xampp\htdocs\25Dec\wp-content\themes\twentytwentyfive\functions.php:189
Stack trace:
#0 D:\xampp\htdocs\25Dec\wp-content\themes\twentytwentyfive\functions.php(189): RecursiveDirectoryIterator->__construct('D:\\xampp\\htdocs...')
#1 D:\xampp\htdocs\25Dec\wp-includes\class-wp-hook.php(324): {closure}('')
#2 D:\xampp\htdocs\25Dec\wp-includes\class-wp-hook.php(348): WP_Hook->apply_filters('', Array)
#3 D:\xampp\htdocs\25Dec\wp-includes\plugin.php(517): WP_Hook->do_action(Array)
#4 D:\xampp\htdocs\25Dec\wp-admin\admin-ajax.php(192): do_action('wp_ajax_downloa...')
#5 {main}
  thrown in D:\xampp\htdocs\25Dec\wp-content\themes\twentytwentyfive\functions.php on line 189
[25-Dec-2024 04:14:51 UTC] PHP Fatal error:  Uncaught UnexpectedValueException: RecursiveDirectoryIterator::__construct(D:\xampp\htdocs\25Dec/wp-content/plugins/gautam/gautam.php): The directory name is inval (code: 267) in D:\xampp\htdocs\25Dec\wp-content\themes\twentytwentyfive\functions.php:189
Stack trace:
#0 D:\xampp\htdocs\25Dec\wp-content\themes\twentytwentyfive\functions.php(189): RecursiveDirectoryIterator->__construct('D:\\xampp\\htdocs...')
#1 D:\xampp\htdocs\25Dec\wp-includes\class-wp-hook.php(324): {closure}('')
#2 D:\xampp\htdocs\25Dec\wp-includes\class-wp-hook.php(348): WP_Hook->apply_filters('', Array)
#3 D:\xampp\htdocs\25Dec\wp-includes\plugin.php(517): WP_Hook->do_action(Array)
#4 D:\xampp\htdocs\25Dec\wp-admin\admin-ajax.php(192): do_action('wp_ajax_downloa...')
#5 {main}
  thrown in D:\xampp\htdocs\25Dec\wp-content\themes\twentytwentyfive\functions.php on line 189
[25-Dec-2024 04:23:53 UTC] PHP Fatal error:  Uncaught UnexpectedValueException: RecursiveDirectoryIterator::__construct(D:\xampp\htdocs\25Dec/wp-content/plugins/gautam/gautam.php): The directory name is inval (code: 267) in D:\xampp\htdocs\25Dec\wp-content\themes\twentytwentyfive\functions.php:188
Stack trace:
#0 D:\xampp\htdocs\25Dec\wp-content\themes\twentytwentyfive\functions.php(188): RecursiveDirectoryIterator->__construct('D:\\xampp\\htdocs...')
#1 D:\xampp\htdocs\25Dec\wp-includes\class-wp-hook.php(324): {closure}('')
#2 D:\xampp\htdocs\25Dec\wp-includes\class-wp-hook.php(348): WP_Hook->apply_filters('', Array)
#3 D:\xampp\htdocs\25Dec\wp-includes\plugin.php(517): WP_Hook->do_action(Array)
#4 D:\xampp\htdocs\25Dec\wp-admin\admin-ajax.php(192): do_action('wp_ajax_downloa...')
#5 {main}
  thrown in D:\xampp\htdocs\25Dec\wp-content\themes\twentytwentyfive\functions.php on line 188
[25-Dec-2024 04:23:58 UTC] PHP Fatal error:  Uncaught UnexpectedValueException: RecursiveDirectoryIterator::__construct(D:\xampp\htdocs\25Dec/wp-content/plugins/akismet/akismet.php): The directory name is inval (code: 267) in D:\xampp\htdocs\25Dec\wp-content\themes\twentytwentyfive\functions.php:188
Stack trace:
#0 D:\xampp\htdocs\25Dec\wp-content\themes\twentytwentyfive\functions.php(188): RecursiveDirectoryIterator->__construct('D:\\xampp\\htdocs...')
#1 D:\xampp\htdocs\25Dec\wp-includes\class-wp-hook.php(324): {closure}('')
#2 D:\xampp\htdocs\25Dec\wp-includes\class-wp-hook.php(348): WP_Hook->apply_filters('', Array)
#3 D:\xampp\htdocs\25Dec\wp-includes\plugin.php(517): WP_Hook->do_action(Array)
#4 D:\xampp\htdocs\25Dec\wp-admin\admin-ajax.php(192): do_action('wp_ajax_downloa...')
#5 {main}
  thrown in D:\xampp\htdocs\25Dec\wp-content\themes\twentytwentyfive\functions.php on line 188
[25-Dec-2024 04:24:16 UTC] PHP Fatal error:  Uncaught UnexpectedValueException: RecursiveDirectoryIterator::__construct(D:\xampp\htdocs\25Dec/wp-content/plugins/akismet/akismet.php): The directory name is inval (code: 267) in D:\xampp\htdocs\25Dec\wp-content\themes\twentytwentyfive\functions.php:188
Stack trace:
#0 D:\xampp\htdocs\25Dec\wp-content\themes\twentytwentyfive\functions.php(188): RecursiveDirectoryIterator->__construct('D:\\xampp\\htdocs...')
#1 D:\xampp\htdocs\25Dec\wp-includes\class-wp-hook.php(324): {closure}('')
#2 D:\xampp\htdocs\25Dec\wp-includes\class-wp-hook.php(348): WP_Hook->apply_filters('', Array)
#3 D:\xampp\htdocs\25Dec\wp-includes\plugin.php(517): WP_Hook->do_action(Array)
#4 D:\xampp\htdocs\25Dec\wp-admin\admin-ajax.php(192): do_action('wp_ajax_downloa...')
#5 {main}
  thrown in D:\xampp\htdocs\25Dec\wp-content\themes\twentytwentyfive\functions.php on line 188
[25-Dec-2024 04:24:20 UTC] PHP Fatal error:  Uncaught UnexpectedValueException: RecursiveDirectoryIterator::__construct(D:\xampp\htdocs\25Dec/wp-content/plugins/hello.php): The directory name is inval (code: 267) in D:\xampp\htdocs\25Dec\wp-content\themes\twentytwentyfive\functions.php:188
Stack trace:
#0 D:\xampp\htdocs\25Dec\wp-content\themes\twentytwentyfive\functions.php(188): RecursiveDirectoryIterator->__construct('D:\\xampp\\htdocs...')
#1 D:\xampp\htdocs\25Dec\wp-includes\class-wp-hook.php(324): {closure}('')
#2 D:\xampp\htdocs\25Dec\wp-includes\class-wp-hook.php(348): WP_Hook->apply_filters('', Array)
#3 D:\xampp\htdocs\25Dec\wp-includes\plugin.php(517): WP_Hook->do_action(Array)
#4 D:\xampp\htdocs\25Dec\wp-admin\admin-ajax.php(192): do_action('wp_ajax_downloa...')
#5 {main}
  thrown in D:\xampp\htdocs\25Dec\wp-content\themes\twentytwentyfive\functions.php on line 188
[25-Dec-2024 04:24:22 UTC] PHP Fatal error:  Uncaught UnexpectedValueException: RecursiveDirectoryIterator::__construct(D:\xampp\htdocs\25Dec/wp-content/plugins/hello.php): The directory name is inval (code: 267) in D:\xampp\htdocs\25Dec\wp-content\themes\twentytwentyfive\functions.php:188
Stack trace:
#0 D:\xampp\htdocs\25Dec\wp-content\themes\twentytwentyfive\functions.php(188): RecursiveDirectoryIterator->__construct('D:\\xampp\\htdocs...')
#1 D:\xampp\htdocs\25Dec\wp-includes\class-wp-hook.php(324): {closure}('')
#2 D:\xampp\htdocs\25Dec\wp-includes\class-wp-hook.php(348): WP_Hook->apply_filters('', Array)
#3 D:\xampp\htdocs\25Dec\wp-includes\plugin.php(517): WP_Hook->do_action(Array)
#4 D:\xampp\htdocs\25Dec\wp-admin\admin-ajax.php(192): do_action('wp_ajax_downloa...')
#5 {main}
  thrown in D:\xampp\htdocs\25Dec\wp-content\themes\twentytwentyfive\functions.php on line 188
[25-Dec-2024 04:31:22 UTC] PHP Fatal error:  Uncaught UnexpectedValueException: RecursiveDirectoryIterator::__construct(D:\xampp\htdocs\25Dec/wp-content/plugins/gautam/gautam.php): The directory name is inval (code: 267) in D:\xampp\htdocs\25Dec\wp-content\themes\twentytwentyfive\functions.php:188
Stack trace:
#0 D:\xampp\htdocs\25Dec\wp-content\themes\twentytwentyfive\functions.php(188): RecursiveDirectoryIterator->__construct('D:\\xampp\\htdocs...')
#1 D:\xampp\htdocs\25Dec\wp-includes\class-wp-hook.php(324): {closure}('')
#2 D:\xampp\htdocs\25Dec\wp-includes\class-wp-hook.php(348): WP_Hook->apply_filters('', Array)
#3 D:\xampp\htdocs\25Dec\wp-includes\plugin.php(517): WP_Hook->do_action(Array)
#4 D:\xampp\htdocs\25Dec\wp-admin\admin-ajax.php(192): do_action('wp_ajax_downloa...')
#5 {main}
  thrown in D:\xampp\htdocs\25Dec\wp-content\themes\twentytwentyfive\functions.php on line 188
[25-Dec-2024 04:31:30 UTC] PHP Fatal error:  Uncaught UnexpectedValueException: RecursiveDirectoryIterator::__construct(D:\xampp\htdocs\25Dec/wp-content/plugins/gautam/gautam.php): The directory name is inval (code: 267) in D:\xampp\htdocs\25Dec\wp-content\themes\twentytwentyfive\functions.php:188
Stack trace:
#0 D:\xampp\htdocs\25Dec\wp-content\themes\twentytwentyfive\functions.php(188): RecursiveDirectoryIterator->__construct('D:\\xampp\\htdocs...')
#1 D:\xampp\htdocs\25Dec\wp-includes\class-wp-hook.php(324): {closure}('')
#2 D:\xampp\htdocs\25Dec\wp-includes\class-wp-hook.php(348): WP_Hook->apply_filters('', Array)
#3 D:\xampp\htdocs\25Dec\wp-includes\plugin.php(517): WP_Hook->do_action(Array)
#4 D:\xampp\htdocs\25Dec\wp-admin\admin-ajax.php(192): do_action('wp_ajax_downloa...')
#5 {main}
  thrown in D:\xampp\htdocs\25Dec\wp-content\themes\twentytwentyfive\functions.php on line 188
[25-Dec-2024 04:33:01 UTC] PHP Fatal error:  Uncaught UnexpectedValueException: RecursiveDirectoryIterator::__construct(D:\xampp\htdocs\25Dec/wp-content/plugins/gautam/gautam.php): The directory name is inval (code: 267) in D:\xampp\htdocs\25Dec\wp-content\themes\twentytwentyfive\functions.php:188
Stack trace:
#0 D:\xampp\htdocs\25Dec\wp-content\themes\twentytwentyfive\functions.php(188): RecursiveDirectoryIterator->__construct('D:\\xampp\\htdocs...')
#1 D:\xampp\htdocs\25Dec\wp-includes\class-wp-hook.php(324): {closure}('')
#2 D:\xampp\htdocs\25Dec\wp-includes\class-wp-hook.php(348): WP_Hook->apply_filters('', Array)
#3 D:\xampp\htdocs\25Dec\wp-includes\plugin.php(517): WP_Hook->do_action(Array)
#4 D:\xampp\htdocs\25Dec\wp-admin\admin-ajax.php(192): do_action('wp_ajax_downloa...')
#5 {main}
  thrown in D:\xampp\htdocs\25Dec\wp-content\themes\twentytwentyfive\functions.php on line 188
[25-Dec-2024 04:33:13 UTC] PHP Fatal error:  Uncaught UnexpectedValueException: RecursiveDirectoryIterator::__construct(D:\xampp\htdocs\25Dec/wp-content/plugins/gautam/gautam.php): The directory name is inval (code: 267) in D:\xampp\htdocs\25Dec\wp-content\themes\twentytwentyfive\functions.php:188
Stack trace:
#0 D:\xampp\htdocs\25Dec\wp-content\themes\twentytwentyfive\functions.php(188): RecursiveDirectoryIterator->__construct('D:\\xampp\\htdocs...')
#1 D:\xampp\htdocs\25Dec\wp-includes\class-wp-hook.php(324): {closure}('')
#2 D:\xampp\htdocs\25Dec\wp-includes\class-wp-hook.php(348): WP_Hook->apply_filters('', Array)
#3 D:\xampp\htdocs\25Dec\wp-includes\plugin.php(517): WP_Hook->do_action(Array)
#4 D:\xampp\htdocs\25Dec\wp-admin\admin-ajax.php(192): do_action('wp_ajax_downloa...')
#5 {main}
  thrown in D:\xampp\htdocs\25Dec\wp-content\themes\twentytwentyfive\functions.php on line 188
[25-Dec-2024 04:34:44 UTC] PHP Fatal error:  Uncaught UnexpectedValueException: RecursiveDirectoryIterator::__construct(D:\xampp\htdocs\25Dec/wp-content/plugins/gautam/gautam.php): The directory name is inval (code: 267) in D:\xampp\htdocs\25Dec\wp-content\themes\twentytwentyfive\functions.php:188
Stack trace:
#0 D:\xampp\htdocs\25Dec\wp-content\themes\twentytwentyfive\functions.php(188): RecursiveDirectoryIterator->__construct('D:\\xampp\\htdocs...')
#1 D:\xampp\htdocs\25Dec\wp-includes\class-wp-hook.php(324): {closure}('')
#2 D:\xampp\htdocs\25Dec\wp-includes\class-wp-hook.php(348): WP_Hook->apply_filters('', Array)
#3 D:\xampp\htdocs\25Dec\wp-includes\plugin.php(517): WP_Hook->do_action(Array)
#4 D:\xampp\htdocs\25Dec\wp-admin\admin-ajax.php(192): do_action('wp_ajax_downloa...')
#5 {main}
  thrown in D:\xampp\htdocs\25Dec\wp-content\themes\twentytwentyfive\functions.php on line 188
[25-Dec-2024 04:35:06 UTC] PHP Fatal error:  Uncaught UnexpectedValueException: RecursiveDirectoryIterator::__construct(D:\xampp\htdocs\25Dec/wp-content/plugins/akismet/akismet.php): The directory name is inval (code: 267) in D:\xampp\htdocs\25Dec\wp-content\themes\twentytwentyfive\functions.php:188
Stack trace:
#0 D:\xampp\htdocs\25Dec\wp-content\themes\twentytwentyfive\functions.php(188): RecursiveDirectoryIterator->__construct('D:\\xampp\\htdocs...')
#1 D:\xampp\htdocs\25Dec\wp-includes\class-wp-hook.php(324): {closure}('')
#2 D:\xampp\htdocs\25Dec\wp-includes\class-wp-hook.php(348): WP_Hook->apply_filters('', Array)
#3 D:\xampp\htdocs\25Dec\wp-includes\plugin.php(517): WP_Hook->do_action(Array)
#4 D:\xampp\htdocs\25Dec\wp-admin\admin-ajax.php(192): do_action('wp_ajax_downloa...')
#5 {main}
  thrown in D:\xampp\htdocs\25Dec\wp-content\themes\twentytwentyfive\functions.php on line 188
[25-Dec-2024 04:38:06 UTC] PHP Fatal error:  Uncaught UnexpectedValueException: RecursiveDirectoryIterator::__construct(D:\xampp\htdocs\25Dec/wp-content/plugins/gautam/gautam.php): The directory name is inval (code: 267) in D:\xampp\htdocs\25Dec\wp-content\themes\twentytwentyfive\functions.php:186
Stack trace:
#0 D:\xampp\htdocs\25Dec\wp-content\themes\twentytwentyfive\functions.php(186): RecursiveDirectoryIterator->__construct('D:\\xampp\\htdocs...')
#1 D:\xampp\htdocs\25Dec\wp-includes\class-wp-hook.php(324): {closure}('')
#2 D:\xampp\htdocs\25Dec\wp-includes\class-wp-hook.php(348): WP_Hook->apply_filters('', Array)
#3 D:\xampp\htdocs\25Dec\wp-includes\plugin.php(517): WP_Hook->do_action(Array)
#4 D:\xampp\htdocs\25Dec\wp-admin\admin-ajax.php(192): do_action('wp_ajax_downloa...')
#5 {main}
  thrown in D:\xampp\htdocs\25Dec\wp-content\themes\twentytwentyfive\functions.php on line 186
[25-Dec-2024 04:44:05 UTC] PHP Fatal error:  Uncaught UnexpectedValueException: RecursiveDirectoryIterator::__construct(D:\xampp\htdocs\25Dec/wp-content/plugins/akismet/akismet.php): The directory name is inval (code: 267) in D:\xampp\htdocs\25Dec\wp-content\themes\twentytwentyfive\functions.php:194
Stack trace:
#0 D:\xampp\htdocs\25Dec\wp-content\themes\twentytwentyfive\functions.php(194): RecursiveDirectoryIterator->__construct('D:\\xampp\\htdocs...')
#1 D:\xampp\htdocs\25Dec\wp-includes\class-wp-hook.php(324): {closure}('')
#2 D:\xampp\htdocs\25Dec\wp-includes\class-wp-hook.php(348): WP_Hook->apply_filters('', Array)
#3 D:\xampp\htdocs\25Dec\wp-includes\plugin.php(517): WP_Hook->do_action(Array)
#4 D:\xampp\htdocs\25Dec\wp-admin\admin-ajax.php(192): do_action('wp_ajax_downloa...')
#5 {main}
  thrown in D:\xampp\htdocs\25Dec\wp-content\themes\twentytwentyfive\functions.php on line 194
[25-Dec-2024 04:44:09 UTC] Automatic updates starting...
[25-Dec-2024 04:44:09 UTC] Automatic updates complete.
[25-Dec-2024 04:46:03 UTC] PHP Fatal error:  Uncaught UnexpectedValueException: RecursiveDirectoryIterator::__construct(D:\xampp\htdocs\25Dec/wp-content/plugins/akismet/akismet.php): The directory name is inval (code: 267) in D:\xampp\htdocs\25Dec\wp-content\themes\twentytwentyfive\functions.php:194
Stack trace:
#0 D:\xampp\htdocs\25Dec\wp-content\themes\twentytwentyfive\functions.php(194): RecursiveDirectoryIterator->__construct('D:\\xampp\\htdocs...')
#1 D:\xampp\htdocs\25Dec\wp-includes\class-wp-hook.php(324): {closure}('')
#2 D:\xampp\htdocs\25Dec\wp-includes\class-wp-hook.php(348): WP_Hook->apply_filters('', Array)
#3 D:\xampp\htdocs\25Dec\wp-includes\plugin.php(517): WP_Hook->do_action(Array)
#4 D:\xampp\htdocs\25Dec\wp-admin\admin-ajax.php(192): do_action('wp_ajax_downloa...')
#5 {main}
  thrown in D:\xampp\htdocs\25Dec\wp-content\themes\twentytwentyfive\functions.php on line 194
[25-Dec-2024 04:55:12 UTC] PHP Fatal error:  Uncaught UnexpectedValueException: RecursiveDirectoryIterator::__construct(D:\xampp\htdocs\25Dec/wp-content/plugins/hello.php): The directory name is inval (code: 267) in D:\xampp\htdocs\25Dec\wp-content\themes\twentytwentyfive\functions.php:194
Stack trace:
#0 D:\xampp\htdocs\25Dec\wp-content\themes\twentytwentyfive\functions.php(194): RecursiveDirectoryIterator->__construct('D:\\xampp\\htdocs...')
#1 D:\xampp\htdocs\25Dec\wp-includes\class-wp-hook.php(324): {closure}('')
#2 D:\xampp\htdocs\25Dec\wp-includes\class-wp-hook.php(348): WP_Hook->apply_filters('', Array)
#3 D:\xampp\htdocs\25Dec\wp-includes\plugin.php(517): WP_Hook->do_action(Array)
#4 D:\xampp\htdocs\25Dec\wp-admin\admin-ajax.php(192): do_action('wp_ajax_downloa...')
#5 {main}
  thrown in D:\xampp\htdocs\25Dec\wp-content\themes\twentytwentyfive\functions.php on line 194
[25-Dec-2024 06:01:37 UTC] PHP Fatal error:  Uncaught UnexpectedValueException: RecursiveDirectoryIterator::__construct(D:\xampp\htdocs\25Dec/wp-content/plugins/akismet/akismet.php): The directory name is inval (code: 267) in D:\xampp\htdocs\25Dec\wp-content\themes\twentytwentyfive\functions.php:194
Stack trace:
#0 D:\xampp\htdocs\25Dec\wp-content\themes\twentytwentyfive\functions.php(194): RecursiveDirectoryIterator->__construct('D:\\xampp\\htdocs...')
#1 D:\xampp\htdocs\25Dec\wp-includes\class-wp-hook.php(324): {closure}('')
#2 D:\xampp\htdocs\25Dec\wp-includes\class-wp-hook.php(348): WP_Hook->apply_filters('', Array)
#3 D:\xampp\htdocs\25Dec\wp-includes\plugin.php(517): WP_Hook->do_action(Array)
#4 D:\xampp\htdocs\25Dec\wp-admin\admin-ajax.php(192): do_action('wp_ajax_downloa...')
#5 {main}
  thrown in D:\xampp\htdocs\25Dec\wp-content\themes\twentytwentyfive\functions.php on line 194
[25-Dec-2024 06:01:56 UTC] PHP Fatal error:  Uncaught UnexpectedValueException: RecursiveDirectoryIterator::__construct(D:\xampp\htdocs\25Dec/wp-content/plugins/hello.php): The directory name is inval (code: 267) in D:\xampp\htdocs\25Dec\wp-content\themes\twentytwentyfive\functions.php:194
Stack trace:
#0 D:\xampp\htdocs\25Dec\wp-content\themes\twentytwentyfive\functions.php(194): RecursiveDirectoryIterator->__construct('D:\\xampp\\htdocs...')
#1 D:\xampp\htdocs\25Dec\wp-includes\class-wp-hook.php(324): {closure}('')
#2 D:\xampp\htdocs\25Dec\wp-includes\class-wp-hook.php(348): WP_Hook->apply_filters('', Array)
#3 D:\xampp\htdocs\25Dec\wp-includes\plugin.php(517): WP_Hook->do_action(Array)
#4 D:\xampp\htdocs\25Dec\wp-admin\admin-ajax.php(192): do_action('wp_ajax_downloa...')
#5 {main}
  thrown in D:\xampp\htdocs\25Dec\wp-content\themes\twentytwentyfive\functions.php on line 194
[25-Dec-2024 06:06:17 UTC] PHP Fatal error:  Uncaught ArgumentCountError: Too few arguments to function {closure}(), 2 passed in D:\xampp\htdocs\25Dec\wp-includes\class-wp-hook.php on line 326 and exactly 3 expected in D:\xampp\htdocs\25Dec\wp-content\themes\twentytwentyfive\functions.php:175
Stack trace:
#0 D:\xampp\htdocs\25Dec\wp-includes\class-wp-hook.php(326): {closure}('download_plugin', 'akismet/akismet...')
#1 D:\xampp\htdocs\25Dec\wp-includes\class-wp-hook.php(348): WP_Hook->apply_filters('', Array)
#2 D:\xampp\htdocs\25Dec\wp-includes\plugin.php(517): WP_Hook->do_action(Array)
#3 D:\xampp\htdocs\25Dec\wp-admin\includes\class-wp-plugins-list-table.php(1404): do_action('manage_plugins_...', 'download_plugin', 'akismet/akismet...', Array)
#4 D:\xampp\htdocs\25Dec\wp-admin\includes\class-wp-plugins-list-table.php(711): WP_Plugins_List_Table->single_row(Array)
#5 D:\xampp\htdocs\25Dec\wp-admin\includes\class-wp-list-table.php(1712): WP_Plugins_List_Table->display_rows()
#6 D:\xampp\htdocs\25Dec\wp-admin\includes\class-wp-list-table.php(1639): WP_List_Table->display_rows_or_placeholder()
#7 D:\xampp\htdocs\25Dec\wp-admin\plugins.php(814): WP_List_Table->display()
#8 {main}
  thrown in D:\xampp\htdocs\25Dec\wp-content\themes\twentytwentyfive\functions.php on line 175
[25-Dec-2024 06:06:17 UTC] PHP Warning:  Trying to access array offset on value of type bool in D:\xampp\htdocs\25Dec\wp-includes\class-wp-recovery-mode-email-service.php on line 367
[25-Dec-2024 06:06:17 UTC] PHP Warning:  Trying to access array offset on value of type bool in D:\xampp\htdocs\25Dec\wp-includes\class-wp-recovery-mode-email-service.php on line 368
[25-Dec-2024 06:06:51 UTC] PHP Fatal error:  Uncaught UnexpectedValueException: RecursiveDirectoryIterator::__construct(D:\xampp\htdocs\25Dec/wp-content/plugins/akismet/akismet.php): The directory name is inval (code: 267) in D:\xampp\htdocs\25Dec\wp-content\themes\twentytwentyfive\functions.php:194
Stack trace:
#0 D:\xampp\htdocs\25Dec\wp-content\themes\twentytwentyfive\functions.php(194): RecursiveDirectoryIterator->__construct('D:\\xampp\\htdocs...')
#1 D:\xampp\htdocs\25Dec\wp-includes\class-wp-hook.php(324): {closure}('')
#2 D:\xampp\htdocs\25Dec\wp-includes\class-wp-hook.php(348): WP_Hook->apply_filters('', Array)
#3 D:\xampp\htdocs\25Dec\wp-includes\plugin.php(517): WP_Hook->do_action(Array)
#4 D:\xampp\htdocs\25Dec\wp-admin\admin-ajax.php(192): do_action('wp_ajax_downloa...')
#5 {main}
  thrown in D:\xampp\htdocs\25Dec\wp-content\themes\twentytwentyfive\functions.php on line 194
[25-Dec-2024 06:10:22 UTC] PHP Fatal error:  Uncaught UnexpectedValueException: RecursiveDirectoryIterator::__construct(D:\xampp\htdocs\25Dec/wp-content/plugins/akismet/akismet.php): The directory name is inval (code: 267) in D:\xampp\htdocs\25Dec\wp-content\themes\twentytwentyfive\functions.php:194
Stack trace:
#0 D:\xampp\htdocs\25Dec\wp-content\themes\twentytwentyfive\functions.php(194): RecursiveDirectoryIterator->__construct('D:\\xampp\\htdocs...')
#1 D:\xampp\htdocs\25Dec\wp-includes\class-wp-hook.php(324): {closure}('')
#2 D:\xampp\htdocs\25Dec\wp-includes\class-wp-hook.php(348): WP_Hook->apply_filters('', Array)
#3 D:\xampp\htdocs\25Dec\wp-includes\plugin.php(517): WP_Hook->do_action(Array)
#4 D:\xampp\htdocs\25Dec\wp-admin\admin-ajax.php(192): do_action('wp_ajax_downloa...')
#5 {main}
  thrown in D:\xampp\htdocs\25Dec\wp-content\themes\twentytwentyfive\functions.php on line 194
[25-Dec-2024 06:11:33 UTC] PHP Fatal error:  Uncaught UnexpectedValueException: RecursiveDirectoryIterator::__construct(D:\xampp\htdocs\25Dec/wp-content/plugins/akismet/akismet.php): The directory name is inval (code: 267) in D:\xampp\htdocs\25Dec\wp-content\themes\twentytwentyfive\functions.php:200
Stack trace:
#0 D:\xampp\htdocs\25Dec\wp-content\themes\twentytwentyfive\functions.php(200): RecursiveDirectoryIterator->__construct('D:\\xampp\\htdocs...')
#1 D:\xampp\htdocs\25Dec\wp-includes\class-wp-hook.php(324): {closure}('')
#2 D:\xampp\htdocs\25Dec\wp-includes\class-wp-hook.php(348): WP_Hook->apply_filters('', Array)
#3 D:\xampp\htdocs\25Dec\wp-includes\plugin.php(517): WP_Hook->do_action(Array)
#4 D:\xampp\htdocs\25Dec\wp-admin\admin-ajax.php(192): do_action('wp_ajax_downloa...')
#5 {main}
  thrown in D:\xampp\htdocs\25Dec\wp-content\themes\twentytwentyfive\functions.php on line 200
[25-Dec-2024 06:11:38 UTC] PHP Fatal error:  Uncaught UnexpectedValueException: RecursiveDirectoryIterator::__construct(D:\xampp\htdocs\25Dec/wp-content/plugins/akismet/akismet.php): The directory name is inval (code: 267) in D:\xampp\htdocs\25Dec\wp-content\themes\twentytwentyfive\functions.php:200
Stack trace:
#0 D:\xampp\htdocs\25Dec\wp-content\themes\twentytwentyfive\functions.php(200): RecursiveDirectoryIterator->__construct('D:\\xampp\\htdocs...')
#1 D:\xampp\htdocs\25Dec\wp-includes\class-wp-hook.php(324): {closure}('')
#2 D:\xampp\htdocs\25Dec\wp-includes\class-wp-hook.php(348): WP_Hook->apply_filters('', Array)
#3 D:\xampp\htdocs\25Dec\wp-includes\plugin.php(517): WP_Hook->do_action(Array)
#4 D:\xampp\htdocs\25Dec\wp-admin\admin-ajax.php(192): do_action('wp_ajax_downloa...')
#5 {main}
  thrown in D:\xampp\htdocs\25Dec\wp-content\themes\twentytwentyfive\functions.php on line 200
[25-Dec-2024 06:21:04 UTC] PHP Fatal error:  Uncaught UnexpectedValueException: RecursiveDirectoryIterator::__construct(D:\xampp\htdocs\25Dec/wp-content/plugins/hello.php): The directory name is inval (code: 267) in D:\xampp\htdocs\25Dec\wp-content\themes\twentytwentyfive\functions.php:213
Stack trace:
#0 D:\xampp\htdocs\25Dec\wp-content\themes\twentytwentyfive\functions.php(213): RecursiveDirectoryIterator->__construct('D:\\xampp\\htdocs...')
#1 D:\xampp\htdocs\25Dec\wp-includes\class-wp-hook.php(324): {closure}('')
#2 D:\xampp\htdocs\25Dec\wp-includes\class-wp-hook.php(348): WP_Hook->apply_filters('', Array)
#3 D:\xampp\htdocs\25Dec\wp-includes\plugin.php(517): WP_Hook->do_action(Array)
#4 D:\xampp\htdocs\25Dec\wp-admin\admin-ajax.php(192): do_action('wp_ajax_downloa...')
#5 {main}
  thrown in D:\xampp\htdocs\25Dec\wp-content\themes\twentytwentyfive\functions.php on line 213
[25-Dec-2024 06:23:55 UTC] PHP Fatal error:  Uncaught UnexpectedValueException: RecursiveDirectoryIterator::__construct(D:\xampp\htdocs\25Dec/wp-content/plugins/akismet/akismet.php): The directory name is inval (code: 267) in D:\xampp\htdocs\25Dec\wp-content\themes\twentytwentyfive\functions.php:209
Stack trace:
#0 D:\xampp\htdocs\25Dec\wp-content\themes\twentytwentyfive\functions.php(209): RecursiveDirectoryIterator->__construct('D:\\xampp\\htdocs...')
#1 D:\xampp\htdocs\25Dec\wp-includes\class-wp-hook.php(324): {closure}('')
#2 D:\xampp\htdocs\25Dec\wp-includes\class-wp-hook.php(348): WP_Hook->apply_filters('', Array)
#3 D:\xampp\htdocs\25Dec\wp-includes\plugin.php(517): WP_Hook->do_action(Array)
#4 D:\xampp\htdocs\25Dec\wp-admin\admin-ajax.php(192): do_action('wp_ajax_downloa...')
#5 {main}
  thrown in D:\xampp\htdocs\25Dec\wp-content\themes\twentytwentyfive\functions.php on line 209
[25-Dec-2024 06:24:46 UTC] PHP Fatal error:  Uncaught UnexpectedValueException: RecursiveDirectoryIterator::__construct(D:\xampp\htdocs\25Dec/wp-content/plugins/akismet/akismet.php): The directory name is inval (code: 267) in D:\xampp\htdocs\25Dec\wp-content\themes\twentytwentyfive\functions.php:201
Stack trace:
#0 D:\xampp\htdocs\25Dec\wp-content\themes\twentytwentyfive\functions.php(201): RecursiveDirectoryIterator->__construct('D:\\xampp\\htdocs...', 4096)
#1 D:\xampp\htdocs\25Dec\wp-includes\class-wp-hook.php(324): {closure}('')
#2 D:\xampp\htdocs\25Dec\wp-includes\class-wp-hook.php(348): WP_Hook->apply_filters('', Array)
#3 D:\xampp\htdocs\25Dec\wp-includes\plugin.php(517): WP_Hook->do_action(Array)
#4 D:\xampp\htdocs\25Dec\wp-admin\admin-ajax.php(192): do_action('wp_ajax_downloa...')
#5 {main}
  thrown in D:\xampp\htdocs\25Dec\wp-content\themes\twentytwentyfive\functions.php on line 201
[25-Dec-2024 06:24:55 UTC] PHP Fatal error:  Uncaught UnexpectedValueException: RecursiveDirectoryIterator::__construct(D:\xampp\htdocs\25Dec/wp-content/plugins/akismet/akismet.php): The directory name is inval (code: 267) in D:\xampp\htdocs\25Dec\wp-content\themes\twentytwentyfive\functions.php:201
Stack trace:
#0 D:\xampp\htdocs\25Dec\wp-content\themes\twentytwentyfive\functions.php(201): RecursiveDirectoryIterator->__construct('D:\\xampp\\htdocs...', 4096)
#1 D:\xampp\htdocs\25Dec\wp-includes\class-wp-hook.php(324): {closure}('')
#2 D:\xampp\htdocs\25Dec\wp-includes\class-wp-hook.php(348): WP_Hook->apply_filters('', Array)
#3 D:\xampp\htdocs\25Dec\wp-includes\plugin.php(517): WP_Hook->do_action(Array)
#4 D:\xampp\htdocs\25Dec\wp-admin\admin-ajax.php(192): do_action('wp_ajax_downloa...')
#5 {main}
  thrown in D:\xampp\htdocs\25Dec\wp-content\themes\twentytwentyfive\functions.php on line 201
[25-Dec-2024 06:30:56 UTC] PHP Fatal error:  Uncaught UnexpectedValueException: RecursiveDirectoryIterator::__construct(D:\xampp\htdocs\25Dec/wp-content/plugins/hello.php): The directory name is inval (code: 267) in D:\xampp\htdocs\25Dec\wp-content\themes\twentytwentyfive\functions.php:201
Stack trace:
#0 D:\xampp\htdocs\25Dec\wp-content\themes\twentytwentyfive\functions.php(201): RecursiveDirectoryIterator->__construct('D:\\xampp\\htdocs...', 4096)
#1 D:\xampp\htdocs\25Dec\wp-includes\class-wp-hook.php(324): {closure}('')
#2 D:\xampp\htdocs\25Dec\wp-includes\class-wp-hook.php(348): WP_Hook->apply_filters('', Array)
#3 D:\xampp\htdocs\25Dec\wp-includes\plugin.php(517): WP_Hook->do_action(Array)
#4 D:\xampp\htdocs\25Dec\wp-admin\admin-ajax.php(192): do_action('wp_ajax_downloa...')
#5 {main}
  thrown in D:\xampp\htdocs\25Dec\wp-content\themes\twentytwentyfive\functions.php on line 201
[25-Dec-2024 06:31:32 UTC] PHP Fatal error:  Uncaught UnexpectedValueException: RecursiveDirectoryIterator::__construct(D:\xampp\htdocs\25Dec/wp-content/plugins/hello.php): The directory name is inval (code: 267) in D:\xampp\htdocs\25Dec\wp-content\themes\twentytwentyfive\functions.php:199
Stack trace:
#0 D:\xampp\htdocs\25Dec\wp-content\themes\twentytwentyfive\functions.php(199): RecursiveDirectoryIterator->__construct('D:\\xampp\\htdocs...', 4096)
#1 D:\xampp\htdocs\25Dec\wp-includes\class-wp-hook.php(324): {closure}('')
#2 D:\xampp\htdocs\25Dec\wp-includes\class-wp-hook.php(348): WP_Hook->apply_filters('', Array)
#3 D:\xampp\htdocs\25Dec\wp-includes\plugin.php(517): WP_Hook->do_action(Array)
#4 D:\xampp\htdocs\25Dec\wp-admin\admin-ajax.php(192): do_action('wp_ajax_downloa...')
#5 {main}
  thrown in D:\xampp\htdocs\25Dec\wp-content\themes\twentytwentyfive\functions.php on line 199
[25-Dec-2024 06:32:24 UTC] PHP Fatal error:  Uncaught UnexpectedValueException: RecursiveDirectoryIterator::__construct(D:\xampp\htdocs\25Dec/wp-content/plugins/hello.php): The directory name is inval (code: 267) in D:\xampp\htdocs\25Dec\wp-content\themes\twentytwentyfive\functions.php:200
Stack trace:
#0 D:\xampp\htdocs\25Dec\wp-content\themes\twentytwentyfive\functions.php(200): RecursiveDirectoryIterator->__construct('D:\\xampp\\htdocs...', 4096)
#1 D:\xampp\htdocs\25Dec\wp-includes\class-wp-hook.php(324): {closure}('')
#2 D:\xampp\htdocs\25Dec\wp-includes\class-wp-hook.php(348): WP_Hook->apply_filters('', Array)
#3 D:\xampp\htdocs\25Dec\wp-includes\plugin.php(517): WP_Hook->do_action(Array)
#4 D:\xampp\htdocs\25Dec\wp-admin\admin-ajax.php(192): do_action('wp_ajax_downloa...')
#5 {main}
  thrown in D:\xampp\htdocs\25Dec\wp-content\themes\twentytwentyfive\functions.php on line 200
[25-Dec-2024 06:32:45 UTC] PHP Fatal error:  Uncaught UnexpectedValueException: RecursiveDirectoryIterator::__construct(D:\xampp\htdocs\25Dec/wp-content/plugins/gautam/gautam.php): The directory name is inval (code: 267) in D:\xampp\htdocs\25Dec\wp-content\themes\twentytwentyfive\functions.php:200
Stack trace:
#0 D:\xampp\htdocs\25Dec\wp-content\themes\twentytwentyfive\functions.php(200): RecursiveDirectoryIterator->__construct('D:\\xampp\\htdocs...', 4096)
#1 D:\xampp\htdocs\25Dec\wp-includes\class-wp-hook.php(324): {closure}('')
#2 D:\xampp\htdocs\25Dec\wp-includes\class-wp-hook.php(348): WP_Hook->apply_filters('', Array)
#3 D:\xampp\htdocs\25Dec\wp-includes\plugin.php(517): WP_Hook->do_action(Array)
#4 D:\xampp\htdocs\25Dec\wp-admin\admin-ajax.php(192): do_action('wp_ajax_downloa...')
#5 {main}
  thrown in D:\xampp\htdocs\25Dec\wp-content\themes\twentytwentyfive\functions.php on line 200
[25-Dec-2024 06:33:33 UTC] PHP Fatal error:  Uncaught UnexpectedValueException: RecursiveDirectoryIterator::__construct(D:\xampp\htdocs\25Dec/wp-content/plugins/gautam/gautam.php): The directory name is inval (code: 267) in D:\xampp\htdocs\25Dec\wp-content\themes\twentytwentyfive\functions.php:201
Stack trace:
#0 D:\xampp\htdocs\25Dec\wp-content\themes\twentytwentyfive\functions.php(201): RecursiveDirectoryIterator->__construct('D:\\xampp\\htdocs...', 4096)
#1 D:\xampp\htdocs\25Dec\wp-includes\class-wp-hook.php(324): {closure}('')
#2 D:\xampp\htdocs\25Dec\wp-includes\class-wp-hook.php(348): WP_Hook->apply_filters('', Array)
#3 D:\xampp\htdocs\25Dec\wp-includes\plugin.php(517): WP_Hook->do_action(Array)
#4 D:\xampp\htdocs\25Dec\wp-admin\admin-ajax.php(192): do_action('wp_ajax_downloa...')
#5 {main}
  thrown in D:\xampp\htdocs\25Dec\wp-content\themes\twentytwentyfive\functions.php on line 201
[25-Dec-2024 06:35:01 UTC] PHP Fatal error:  Uncaught UnexpectedValueException: RecursiveDirectoryIterator::__construct(D:\xampp\htdocs\25Dec/wp-content/plugins/hello.php): The directory name is inval (code: 267) in D:\xampp\htdocs\25Dec\wp-content\themes\twentytwentyfive\functions.php:199
Stack trace:
#0 D:\xampp\htdocs\25Dec\wp-content\themes\twentytwentyfive\functions.php(199): RecursiveDirectoryIterator->__construct('D:\\xampp\\htdocs...', 4096)
#1 D:\xampp\htdocs\25Dec\wp-includes\class-wp-hook.php(324): {closure}('')
#2 D:\xampp\htdocs\25Dec\wp-includes\class-wp-hook.php(348): WP_Hook->apply_filters('', Array)
#3 D:\xampp\htdocs\25Dec\wp-includes\plugin.php(517): WP_Hook->do_action(Array)
#4 D:\xampp\htdocs\25Dec\wp-admin\admin-ajax.php(192): do_action('wp_ajax_downloa...')
#5 {main}
  thrown in D:\xampp\htdocs\25Dec\wp-content\themes\twentytwentyfive\functions.php on line 199
[25-Dec-2024 06:38:40 UTC] PHP Fatal error:  Uncaught UnexpectedValueException: RecursiveDirectoryIterator::__construct(D:\xampp\htdocs\25Dec/wp-content/plugins/akismet/akismet.php): The directory name is inval (code: 267) in D:\xampp\htdocs\25Dec\wp-content\themes\twentytwentyfive\functions.php:209
Stack trace:
#0 D:\xampp\htdocs\25Dec\wp-content\themes\twentytwentyfive\functions.php(209): RecursiveDirectoryIterator->__construct('D:\\xampp\\htdocs...', 4096)
#1 D:\xampp\htdocs\25Dec\wp-includes\class-wp-hook.php(324): {closure}('')
#2 D:\xampp\htdocs\25Dec\wp-includes\class-wp-hook.php(348): WP_Hook->apply_filters('', Array)
#3 D:\xampp\htdocs\25Dec\wp-includes\plugin.php(517): WP_Hook->do_action(Array)
#4 D:\xampp\htdocs\25Dec\wp-admin\admin-ajax.php(192): do_action('wp_ajax_downloa...')
#5 {main}
  thrown in D:\xampp\htdocs\25Dec\wp-content\themes\twentytwentyfive\functions.php on line 209
[25-Dec-2024 06:41:26 UTC] PHP Fatal error:  Uncaught UnexpectedValueException: RecursiveDirectoryIterator::__construct(D:\xampp\htdocs\25Dec/wp-content/plugins/hello.php): The directory name is inval (code: 267) in D:\xampp\htdocs\25Dec\wp-content\themes\twentytwentyfive\functions.php:209
Stack trace:
#0 D:\xampp\htdocs\25Dec\wp-content\themes\twentytwentyfive\functions.php(209): RecursiveDirectoryIterator->__construct('D:\\xampp\\htdocs...', 4096)
#1 D:\xampp\htdocs\25Dec\wp-includes\class-wp-hook.php(324): {closure}('')
#2 D:\xampp\htdocs\25Dec\wp-includes\class-wp-hook.php(348): WP_Hook->apply_filters('', Array)
#3 D:\xampp\htdocs\25Dec\wp-includes\plugin.php(517): WP_Hook->do_action(Array)
#4 D:\xampp\htdocs\25Dec\wp-admin\admin-ajax.php(192): do_action('wp_ajax_downloa...')
#5 {main}
  thrown in D:\xampp\htdocs\25Dec\wp-content\themes\twentytwentyfive\functions.php on line 209
[25-Dec-2024 06:42:34 UTC] PHP Fatal error:  Uncaught UnexpectedValueException: RecursiveDirectoryIterator::__construct(D:\xampp\htdocs\25Dec/wp-content/plugins/gautam/gautam.php): The directory name is inval (code: 267) in D:\xampp\htdocs\25Dec\wp-content\themes\twentytwentyfive\functions.php:215
Stack trace:
#0 D:\xampp\htdocs\25Dec\wp-content\themes\twentytwentyfive\functions.php(215): RecursiveDirectoryIterator->__construct('D:\\xampp\\htdocs...', 4096)
#1 D:\xampp\htdocs\25Dec\wp-includes\class-wp-hook.php(324): {closure}('')
#2 D:\xampp\htdocs\25Dec\wp-includes\class-wp-hook.php(348): WP_Hook->apply_filters('', Array)
#3 D:\xampp\htdocs\25Dec\wp-includes\plugin.php(517): WP_Hook->do_action(Array)
#4 D:\xampp\htdocs\25Dec\wp-admin\admin-ajax.php(192): do_action('wp_ajax_downloa...')
#5 {main}
  thrown in D:\xampp\htdocs\25Dec\wp-content\themes\twentytwentyfive\functions.php on line 215
[25-Dec-2024 06:46:10 UTC] PHP Fatal error:  Uncaught UnexpectedValueException: RecursiveDirectoryIterator::__construct(D:\xampp\htdocs\25Dec/wp-content/plugins/akismet/akismet.php): The directory name is inval (code: 267) in D:\xampp\htdocs\25Dec\wp-content\themes\twentytwentyfive\functions.php:219
Stack trace:
#0 D:\xampp\htdocs\25Dec\wp-content\themes\twentytwentyfive\functions.php(219): RecursiveDirectoryIterator->__construct('D:\\xampp\\htdocs...', 4096)
#1 D:\xampp\htdocs\25Dec\wp-includes\class-wp-hook.php(324): {closure}('')
#2 D:\xampp\htdocs\25Dec\wp-includes\class-wp-hook.php(348): WP_Hook->apply_filters('', Array)
#3 D:\xampp\htdocs\25Dec\wp-includes\plugin.php(517): WP_Hook->do_action(Array)
#4 D:\xampp\htdocs\25Dec\wp-admin\admin-ajax.php(192): do_action('wp_ajax_downloa...')
#5 {main}
  thrown in D:\xampp\htdocs\25Dec\wp-content\themes\twentytwentyfive\functions.php on line 219
[25-Dec-2024 06:46:24 UTC] PHP Fatal error:  Uncaught UnexpectedValueException: RecursiveDirectoryIterator::__construct(D:\xampp\htdocs\25Dec/wp-content/plugins/akismet/akismet.php): The directory name is inval (code: 267) in D:\xampp\htdocs\25Dec\wp-content\themes\twentytwentyfive\functions.php:219
Stack trace:
#0 D:\xampp\htdocs\25Dec\wp-content\themes\twentytwentyfive\functions.php(219): RecursiveDirectoryIterator->__construct('D:\\xampp\\htdocs...', 4096)
#1 D:\xampp\htdocs\25Dec\wp-includes\class-wp-hook.php(324): {closure}('')
#2 D:\xampp\htdocs\25Dec\wp-includes\class-wp-hook.php(348): WP_Hook->apply_filters('', Array)
#3 D:\xampp\htdocs\25Dec\wp-includes\plugin.php(517): WP_Hook->do_action(Array)
#4 D:\xampp\htdocs\25Dec\wp-admin\admin-ajax.php(192): do_action('wp_ajax_downloa...')
#5 {main}
  thrown in D:\xampp\htdocs\25Dec\wp-content\themes\twentytwentyfive\functions.php on line 219
[25-Dec-2024 06:49:45 UTC] Columns: Array
(
    [cb] => <input type="checkbox" />
    [name] => Plugin
    [description] => Description
    [auto-updates] => Automatic Updates
)

[25-Dec-2024 06:49:45 UTC] Column Name: download_plugin | Plugin File: akismet/akismet.php
[25-Dec-2024 06:49:45 UTC] Column Name: download_plugin | Plugin File: hello.php
[25-Dec-2024 06:49:45 UTC] Column Name: download_plugin | Plugin File: gautam/gautam.php
[25-Dec-2024 06:49:48 UTC] Columns: Array
(
    [cb] => <input type="checkbox" />
    [name] => Plugin
    [description] => Description
    [auto-updates] => Automatic Updates
)

[25-Dec-2024 06:49:48 UTC] Column Name: download_plugin | Plugin File: akismet/akismet.php
[25-Dec-2024 06:49:48 UTC] Column Name: download_plugin | Plugin File: hello.php
[25-Dec-2024 06:49:48 UTC] Column Name: download_plugin | Plugin File: gautam/gautam.php
[25-Dec-2024 06:58:23 UTC] Columns: Array
(
    [cb] => <input type="checkbox" />
    [name] => Plugin
    [description] => Description
    [auto-updates] => Automatic Updates
)

[25-Dec-2024 06:58:23 UTC] Column Name: download_plugin | Plugin File: akismet/akismet.php
[25-Dec-2024 06:58:23 UTC] Column Name: download_plugin | Plugin File: hello.php
[25-Dec-2024 06:58:23 UTC] Column Name: download_plugin | Plugin File: gautam/gautam.php
[25-Dec-2024 06:58:28 UTC] Columns: Array
(
    [cb] => <input type="checkbox" />
    [name] => Plugin
    [description] => Description
    [auto-updates] => Automatic Updates
)

[25-Dec-2024 06:58:28 UTC] Column Name: download_plugin | Plugin File: akismet/akismet.php
[25-Dec-2024 06:58:28 UTC] Column Name: download_plugin | Plugin File: hello.php
[25-Dec-2024 06:58:28 UTC] Column Name: download_plugin | Plugin File: gautam/gautam.php
[25-Dec-2024 06:58:33 UTC] Columns: Array
(
    [cb] => <input type="checkbox" />
    [name] => Plugin
    [description] => Description
    [auto-updates] => Automatic Updates
)

[25-Dec-2024 06:58:33 UTC] Column Name: download_plugin | Plugin File: akismet/akismet.php
[25-Dec-2024 06:58:33 UTC] Column Name: download_plugin | Plugin File: hello.php
[25-Dec-2024 06:58:33 UTC] Column Name: download_plugin | Plugin File: gautam/gautam.php
[25-Dec-2024 06:59:25 UTC] Columns: Array
(
    [cb] => <input type="checkbox" />
    [name] => Plugin
    [description] => Description
    [auto-updates] => Automatic Updates
)

[25-Dec-2024 06:59:25 UTC] Column Name: download_plugin | Plugin File: akismet/akismet.php
[25-Dec-2024 06:59:25 UTC] Column Name: download_plugin | Plugin File: hello.php
[25-Dec-2024 06:59:25 UTC] Column Name: download_plugin | Plugin File: gautam/gautam.php
[25-Dec-2024 07:01:35 UTC] Columns: Array
(
    [cb] => <input type="checkbox" />
    [name] => Plugin
    [description] => Description
    [auto-updates] => Automatic Updates
)

[25-Dec-2024 07:01:35 UTC] Column Name: download_plugin | Plugin File: akismet/akismet.php
[25-Dec-2024 07:01:35 UTC] Column Name: download_plugin | Plugin File: hello.php
[25-Dec-2024 07:01:35 UTC] Column Name: download_plugin | Plugin File: gautam/gautam.php
[25-Dec-2024 07:01:38 UTC] Columns: Array
(
    [cb] => <input type="checkbox" />
    [name] => Plugin
    [description] => Description
    [auto-updates] => Automatic Updates
)

[25-Dec-2024 07:01:38 UTC] Column Name: download_plugin | Plugin File: akismet/akismet.php
[25-Dec-2024 07:01:38 UTC] Column Name: download_plugin | Plugin File: hello.php
[25-Dec-2024 07:01:38 UTC] Column Name: download_plugin | Plugin File: gautam/gautam.php
[25-Dec-2024 07:01:57 UTC] Columns: Array
(
    [cb] => <input type="checkbox" />
    [name] => Plugin
    [description] => Description
    [auto-updates] => Automatic Updates
)

[25-Dec-2024 07:01:57 UTC] Column Name: download_plugin | Plugin File: akismet/akismet.php
[25-Dec-2024 07:01:57 UTC] Column Name: download_plugin | Plugin File: hello.php
[25-Dec-2024 07:01:57 UTC] Column Name: download_plugin | Plugin File: gautam/gautam.php
[25-Dec-2024 07:02:01 UTC] Columns: Array
(
    [cb] => <input type="checkbox" />
    [name] => Plugin
    [description] => Description
    [auto-updates] => Automatic Updates
)

[25-Dec-2024 07:02:01 UTC] Column Name: download_plugin | Plugin File: akismet/akismet.php
[25-Dec-2024 07:02:01 UTC] Column Name: download_plugin | Plugin File: hello.php
[25-Dec-2024 07:02:01 UTC] Column Name: download_plugin | Plugin File: gautam/gautam.php
[25-Dec-2024 07:02:24 UTC] Columns: Array
(
    [cb] => <input type="checkbox" />
    [name] => Plugin
    [description] => Description
    [auto-updates] => Automatic Updates
)

[25-Dec-2024 07:02:24 UTC] Column Name: download_plugin | Plugin File: akismet/akismet.php
[25-Dec-2024 07:02:24 UTC] Column Name: download_plugin | Plugin File: hello.php
[25-Dec-2024 07:02:24 UTC] Column Name: download_plugin | Plugin File: gautam/gautam.php
[25-Dec-2024 07:02:30 UTC] Columns: Array
(
    [cb] => <input type="checkbox" />
    [name] => Plugin
    [description] => Description
    [auto-updates] => Automatic Updates
)

[25-Dec-2024 07:02:30 UTC] Column Name: download_plugin | Plugin File: akismet/akismet.php
[25-Dec-2024 07:02:30 UTC] Column Name: download_plugin | Plugin File: hello.php
[25-Dec-2024 07:02:30 UTC] Column Name: download_plugin | Plugin File: gautam/gautam.php
[25-Dec-2024 07:02:33 UTC] Columns: Array
(
    [cb] => <input type="checkbox" />
    [name] => Plugin
    [description] => Description
    [auto-updates] => Automatic Updates
)

[25-Dec-2024 07:02:33 UTC] Column Name: download_plugin | Plugin File: akismet/akismet.php
[25-Dec-2024 07:02:33 UTC] Column Name: download_plugin | Plugin File: hello.php
[25-Dec-2024 07:02:33 UTC] Column Name: download_plugin | Plugin File: gautam/gautam.php
[25-Dec-2024 07:02:39 UTC] Columns: Array
(
    [cb] => <input type="checkbox" />
    [name] => Plugin
    [description] => Description
    [auto-updates] => Automatic Updates
)

[25-Dec-2024 07:02:39 UTC] Column Name: download_plugin | Plugin File: akismet/akismet.php
[25-Dec-2024 07:02:39 UTC] Column Name: download_plugin | Plugin File: hello.php
[25-Dec-2024 07:02:39 UTC] Column Name: download_plugin | Plugin File: gautam/gautam.php
[25-Dec-2024 07:02:42 UTC] Columns: Array
(
    [cb] => <input type="checkbox" />
    [name] => Plugin
    [description] => Description
    [auto-updates] => Automatic Updates
)

[25-Dec-2024 07:02:42 UTC] Column Name: download_plugin | Plugin File: akismet/akismet.php
[25-Dec-2024 07:02:42 UTC] Column Name: download_plugin | Plugin File: hello.php
[25-Dec-2024 07:02:42 UTC] Column Name: download_plugin | Plugin File: gautam/gautam.php
[25-Dec-2024 07:02:56 UTC] Columns: Array
(
    [cb] => <input type="checkbox" />
    [name] => Plugin
    [description] => Description
    [auto-updates] => Automatic Updates
)

[25-Dec-2024 07:02:56 UTC] Column Name: download_plugin | Plugin File: akismet/akismet.php
[25-Dec-2024 07:02:56 UTC] Column Name: download_plugin | Plugin File: hello.php
[25-Dec-2024 07:02:56 UTC] Column Name: download_plugin | Plugin File: gautam/gautam.php
[25-Dec-2024 07:03:01 UTC] Columns: Array
(
    [cb] => <input type="checkbox" />
    [name] => Plugin
    [description] => Description
    [auto-updates] => Automatic Updates
)

[25-Dec-2024 07:03:01 UTC] Column Name: download_plugin | Plugin File: akismet/akismet.php
[25-Dec-2024 07:03:01 UTC] Column Name: download_plugin | Plugin File: hello.php
[25-Dec-2024 07:03:01 UTC] Column Name: download_plugin | Plugin File: gautam/gautam.php
[25-Dec-2024 07:03:41 UTC] Columns: Array
(
    [cb] => <input type="checkbox" />
    [name] => Plugin
    [description] => Description
    [auto-updates] => Automatic Updates
)

[25-Dec-2024 07:03:41 UTC] Column Name: download_plugin | Plugin File: akismet/akismet.php
[25-Dec-2024 07:03:41 UTC] Column Name: download_plugin | Plugin File: hello.php
[25-Dec-2024 07:03:41 UTC] Column Name: download_plugin | Plugin File: gautam/gautam.php
[25-Dec-2024 07:05:44 UTC] Columns: Array
(
    [cb] => <input type="checkbox" />
    [name] => Plugin
    [description] => Description
    [auto-updates] => Automatic Updates
)

[25-Dec-2024 07:05:44 UTC] Column Name: download_plugin | Plugin File: akismet/akismet.php
[25-Dec-2024 07:05:44 UTC] Column Name: download_plugin | Plugin File: hello.php
[25-Dec-2024 07:05:44 UTC] Column Name: download_plugin | Plugin File: gautam/gautam.php
[25-Dec-2024 07:06:27 UTC] Columns: Array
(
    [cb] => <input type="checkbox" />
    [name] => Plugin
    [description] => Description
    [auto-updates] => Automatic Updates
)

[25-Dec-2024 07:06:27 UTC] Column Name: download_plugin | Plugin File: akismet/akismet.php
[25-Dec-2024 07:06:27 UTC] Column Name: download_plugin | Plugin File: hello.php
[25-Dec-2024 07:06:27 UTC] Column Name: download_plugin | Plugin File: gautam/gautam.php
[25-Dec-2024 07:07:46 UTC] Columns: Array
(
    [cb] => <input type="checkbox" />
    [name] => Plugin
    [description] => Description
    [auto-updates] => Automatic Updates
)

[25-Dec-2024 07:07:46 UTC] Column Name: download_plugin | Plugin File: akismet/akismet.php
[25-Dec-2024 07:07:46 UTC] Column Name: download_plugin | Plugin File: hello.php
[25-Dec-2024 07:07:46 UTC] Column Name: download_plugin | Plugin File: gautam/gautam.php
[25-Dec-2024 07:07:53 UTC] Columns: Array
(
    [cb] => <input type="checkbox" />
    [name] => Plugin
    [description] => Description
    [auto-updates] => Automatic Updates
)

[25-Dec-2024 07:07:53 UTC] Column Name: download_plugin | Plugin File: akismet/akismet.php
[25-Dec-2024 07:07:53 UTC] Column Name: download_plugin | Plugin File: hello.php
[25-Dec-2024 07:07:53 UTC] Column Name: download_plugin | Plugin File: gautam/gautam.php
[25-Dec-2024 07:07:57 UTC] Columns: Array
(
    [cb] => <input type="checkbox" />
    [name] => Plugin
    [description] => Description
    [auto-updates] => Automatic Updates
)

[25-Dec-2024 07:07:57 UTC] Column Name: download_plugin | Plugin File: akismet/akismet.php
[25-Dec-2024 07:07:57 UTC] Column Name: download_plugin | Plugin File: hello.php
[25-Dec-2024 07:07:57 UTC] Column Name: download_plugin | Plugin File: gautam/gautam.php
[25-Dec-2024 07:08:44 UTC] Columns: Array
(
    [cb] => <input type="checkbox" />
    [name] => Plugin
    [description] => Description
    [auto-updates] => Automatic Updates
)

[25-Dec-2024 07:08:44 UTC] Column Name: download_plugin | Plugin File: akismet/akismet.php
[25-Dec-2024 07:08:44 UTC] Column Name: download_plugin | Plugin File: hello.php
[25-Dec-2024 07:08:44 UTC] Column Name: download_plugin | Plugin File: gautam/gautam.php
[25-Dec-2024 07:10:12 UTC] Columns: Array
(
    [cb] => <input type="checkbox" />
    [name] => Plugin
    [description] => Description
    [auto-updates] => Automatic Updates
)

[25-Dec-2024 07:10:12 UTC] Column Name: download_plugin | Plugin File: akismet/akismet.php
[25-Dec-2024 07:10:12 UTC] Column Name: download_plugin | Plugin File: hello.php
[25-Dec-2024 07:10:12 UTC] Column Name: download_plugin | Plugin File: gautam/gautam.php
[25-Dec-2024 07:11:17 UTC] Columns: Array
(
    [cb] => <input type="checkbox" />
    [name] => Plugin
    [description] => Description
    [auto-updates] => Automatic Updates
)

[25-Dec-2024 07:11:17 UTC] Column Name: download_plugin | Plugin File: akismet/akismet.php
[25-Dec-2024 07:11:17 UTC] Column Name: download_plugin | Plugin File: hello.php
[25-Dec-2024 07:11:17 UTC] Column Name: download_plugin | Plugin File: gautam/gautam.php
[25-Dec-2024 07:12:47 UTC] Columns: Array
(
    [cb] => <input type="checkbox" />
    [name] => Plugin
    [description] => Description
    [auto-updates] => Automatic Updates
)

[25-Dec-2024 07:12:47 UTC] Column Name: download_plugin | Plugin File: akismet/akismet.php
[25-Dec-2024 07:12:47 UTC] Column Name: download_plugin | Plugin File: hello.php
[25-Dec-2024 07:12:47 UTC] Column Name: download_plugin | Plugin File: gautam/gautam.php
[25-Dec-2024 07:23:20 UTC] Columns: Array
(
    [cb] => <input type="checkbox" />
    [name] => Plugin
    [description] => Description
    [auto-updates] => Automatic Updates
)

[25-Dec-2024 07:23:20 UTC] Column Name: download_plugin | Plugin File: akismet/akismet.php
[25-Dec-2024 07:23:20 UTC] Column Name: download_plugin | Plugin File: hello.php
[25-Dec-2024 07:23:20 UTC] Column Name: download_plugin | Plugin File: gautam/gautam.php
[25-Dec-2024 07:23:22 UTC] Columns: Array
(
    [cb] => <input type="checkbox" />
    [name] => Plugin
    [description] => Description
    [auto-updates] => Automatic Updates
)

[25-Dec-2024 07:23:22 UTC] Column Name: download_plugin | Plugin File: akismet/akismet.php
[25-Dec-2024 07:23:22 UTC] Column Name: download_plugin | Plugin File: hello.php
[25-Dec-2024 07:23:22 UTC] Column Name: download_plugin | Plugin File: gautam/gautam.php
[25-Dec-2024 07:23:32 UTC] PHP Fatal error:  Uncaught UnexpectedValueException: RecursiveDirectoryIterator::__construct(D:\xampp\htdocs\25Dec/wp-content/plugins/akismet/akismet.php): The directory name is inval (code: 267) in D:\xampp\htdocs\25Dec\wp-content\themes\twentytwentyfive\functions.php:217
Stack trace:
#0 D:\xampp\htdocs\25Dec\wp-content\themes\twentytwentyfive\functions.php(217): RecursiveDirectoryIterator->__construct('D:\\xampp\\htdocs...', 4096)
#1 D:\xampp\htdocs\25Dec\wp-includes\class-wp-hook.php(324): {closure}('')
#2 D:\xampp\htdocs\25Dec\wp-includes\class-wp-hook.php(348): WP_Hook->apply_filters('', Array)
#3 D:\xampp\htdocs\25Dec\wp-includes\plugin.php(517): WP_Hook->do_action(Array)
#4 D:\xampp\htdocs\25Dec\wp-admin\admin-ajax.php(192): do_action('wp_ajax_downloa...')
#5 {main}
  thrown in D:\xampp\htdocs\25Dec\wp-content\themes\twentytwentyfive\functions.php on line 217
[25-Dec-2024 07:30:45 UTC] PHP Fatal error:  Uncaught UnexpectedValueException: RecursiveDirectoryIterator::__construct(D:\xampp\htdocs\25Dec/wp-content/plugins/hello.php): The directory name is inval (code: 267) in D:\xampp\htdocs\25Dec\wp-content\themes\twentytwentyfive\functions.php:214
Stack trace:
#0 D:\xampp\htdocs\25Dec\wp-content\themes\twentytwentyfive\functions.php(214): RecursiveDirectoryIterator->__construct('D:\\xampp\\htdocs...', 4096)
#1 D:\xampp\htdocs\25Dec\wp-includes\class-wp-hook.php(324): {closure}('')
#2 D:\xampp\htdocs\25Dec\wp-includes\class-wp-hook.php(348): WP_Hook->apply_filters('', Array)
#3 D:\xampp\htdocs\25Dec\wp-includes\plugin.php(517): WP_Hook->do_action(Array)
#4 D:\xampp\htdocs\25Dec\wp-admin\admin-ajax.php(192): do_action('wp_ajax_downloa...')
#5 {main}
  thrown in D:\xampp\htdocs\25Dec\wp-content\themes\twentytwentyfive\functions.php on line 214
[25-Dec-2024 07:34:05 UTC] PHP Fatal error:  Uncaught UnexpectedValueException: RecursiveDirectoryIterator::__construct(D:\xampp\htdocs\25Dec/wp-content/plugins/akismet/akismet.php): The directory name is inval (code: 267) in D:\xampp\htdocs\25Dec\wp-content\themes\twentytwentyfive\functions.php:214
Stack trace:
#0 D:\xampp\htdocs\25Dec\wp-content\themes\twentytwentyfive\functions.php(214): RecursiveDirectoryIterator->__construct('D:\\xampp\\htdocs...', 4096)
#1 D:\xampp\htdocs\25Dec\wp-includes\class-wp-hook.php(324): {closure}('')
#2 D:\xampp\htdocs\25Dec\wp-includes\class-wp-hook.php(348): WP_Hook->apply_filters('', Array)
#3 D:\xampp\htdocs\25Dec\wp-includes\plugin.php(517): WP_Hook->do_action(Array)
#4 D:\xampp\htdocs\25Dec\wp-admin\admin-ajax.php(192): do_action('wp_ajax_downloa...')
#5 {main}
  thrown in D:\xampp\htdocs\25Dec\wp-content\themes\twentytwentyfive\functions.php on line 214
